[0.104s] DEBUG:colcon:Command line arguments: ['/usr/bin/colcon', 'build', '--packages-select', 'mp1']
[0.104s] DEBUG:colcon:Parsed command line arguments: Namespace(log_base=None, log_level=None, verb_name='build', build_base='build', install_base='install', merge_install=False, symlink_install=False, test_result_base=None, continue_on_error=False, executor='parallel', parallel_workers=12, event_handlers=None, ignore_user_meta=False, metas=['./colcon.meta'], base_paths=['.'], packages_ignore=None, packages_ignore_regex=None, paths=None, packages_up_to=None, packages_up_to_regex=None, packages_above=None, packages_above_and_dependencies=None, packages_above_depth=None, packages_select_by_dep=None, packages_skip_by_dep=None, packages_skip_up_to=None, packages_select_build_failed=False, packages_skip_build_finished=False, packages_select_test_failures=False, packages_skip_test_passed=False, packages_select=['mp1'], packages_skip=None, packages_select_regex=None, packages_skip_regex=None, packages_start=None, packages_end=None, allow_overriding=[], cmake_args=None, cmake_target=None, cmake_target_skip_unavailable=False, cmake_clean_cache=False, cmake_clean_first=False, cmake_force_configure=False, ament_cmake_args=None, catkin_cmake_args=None, catkin_skip_building_tests=False, mixin_files=None, mixin=None, verb_parser=<colcon_mixin.mixin.mixin_argument.MixinArgumentDecorator object at 0x7f9120d4b580>, verb_extension=<colcon_core.verb.build.BuildVerb object at 0x7f9120f20400>, main=<bound method BuildVerb.main of <colcon_core.verb.build.BuildVerb object at 0x7f9120f20400>>, mixin_verb=('build',))
[0.343s] Level 1:colcon.colcon_core.package_discovery:discover_packages(colcon_meta) check parameters
[0.343s] Level 1:colcon.colcon_core.package_discovery:discover_packages(recursive) check parameters
[0.343s] Level 1:colcon.colcon_core.package_discovery:discover_packages(ignore) check parameters
[0.343s] Level 1:colcon.colcon_core.package_discovery:discover_packages(path) check parameters
[0.343s] Level 1:colcon.colcon_core.package_discovery:discover_packages(colcon_meta) discover
[0.343s] Level 1:colcon.colcon_core.package_discovery:discover_packages(recursive) discover
[0.343s] INFO:colcon.colcon_core.package_discovery:Crawling recursively for packages in '/home/martinx3/ECE_484/mp1'
[0.343s] Level 1:colcon.colcon_core.package_identification:_identify(.) by extensions ['ignore', 'ignore_ament_install']
[0.344s] Level 1:colcon.colcon_core.package_identification:_identify(.) by extension 'ignore'
[0.344s] Level 1:colcon.colcon_core.package_identification:_identify(.) by extension 'ignore_ament_install'
[0.344s] Level 1:colcon.colcon_core.package_identification:_identify(.) by extensions ['colcon_pkg']
[0.344s] Level 1:colcon.colcon_core.package_identification:_identify(.) by extension 'colcon_pkg'
[0.344s] Level 1:colcon.colcon_core.package_identification:_identify(.) by extensions ['colcon_meta']
[0.344s] Level 1:colcon.colcon_core.package_identification:_identify(.) by extension 'colcon_meta'
[0.344s] Level 1:colcon.colcon_core.package_identification:_identify(.) by extensions ['ros']
[0.344s] Level 1:colcon.colcon_core.package_identification:_identify(.) by extension 'ros'
[0.358s] DEBUG:colcon.colcon_core.package_identification:Package '.' with type 'ros.ament_cmake' and name 'mp1'
[0.358s] Level 1:colcon.colcon_core.package_discovery:discover_packages(recursive) using defaults
[0.358s] Level 1:colcon.colcon_core.package_discovery:discover_packages(ignore) discover
[0.358s] Level 1:colcon.colcon_core.package_discovery:discover_packages(ignore) using defaults
[0.358s] Level 1:colcon.colcon_core.package_discovery:discover_packages(path) discover
[0.358s] Level 1:colcon.colcon_core.package_discovery:discover_packages(path) using defaults
[0.374s] Level 1:colcon.colcon_core.package_discovery:discover_packages(prefix_path) check parameters
[0.374s] Level 1:colcon.colcon_core.package_discovery:discover_packages(prefix_path) discover
[0.375s] DEBUG:colcon.colcon_installed_package_information.package_discovery:Found 1 installed packages in /home/martinx3/ECE_484/install
[0.376s] DEBUG:colcon.colcon_installed_package_information.package_discovery:Found 323 installed packages in /opt/ros/humble
[0.378s] Level 1:colcon.colcon_core.package_discovery:discover_packages(prefix_path) using defaults
[0.414s] Level 5:colcon.colcon_core.verb:set package 'mp1' build argument 'cmake_args' from command line to 'None'
[0.415s] Level 5:colcon.colcon_core.verb:set package 'mp1' build argument 'cmake_target' from command line to 'None'
[0.415s] Level 5:colcon.colcon_core.verb:set package 'mp1' build argument 'cmake_target_skip_unavailable' from command line to 'False'
[0.415s] Level 5:colcon.colcon_core.verb:set package 'mp1' build argument 'cmake_clean_cache' from command line to 'False'
[0.415s] Level 5:colcon.colcon_core.verb:set package 'mp1' build argument 'cmake_clean_first' from command line to 'False'
[0.415s] Level 5:colcon.colcon_core.verb:set package 'mp1' build argument 'cmake_force_configure' from command line to 'False'
[0.415s] Level 5:colcon.colcon_core.verb:set package 'mp1' build argument 'ament_cmake_args' from command line to 'None'
[0.415s] Level 5:colcon.colcon_core.verb:set package 'mp1' build argument 'catkin_cmake_args' from command line to 'None'
[0.415s] Level 5:colcon.colcon_core.verb:set package 'mp1' build argument 'catkin_skip_building_tests' from command line to 'False'
[0.415s] DEBUG:colcon.colcon_core.verb:Building package 'mp1' with the following arguments: {'ament_cmake_args': None, 'build_base': '/home/martinx3/ECE_484/mp1/build/mp1', 'catkin_cmake_args': None, 'catkin_skip_building_tests': False, 'cmake_args': None, 'cmake_clean_cache': False, 'cmake_clean_first': False, 'cmake_force_configure': False, 'cmake_target': None, 'cmake_target_skip_unavailable': False, 'install_base': '/home/martinx3/ECE_484/mp1/install/mp1', 'merge_install': False, 'path': '/home/martinx3/ECE_484/mp1', 'symlink_install': False, 'test_result_base': None}
[0.415s] INFO:colcon.colcon_core.executor:Executing jobs using 'parallel' executor
[0.416s] DEBUG:colcon.colcon_parallel_executor.executor.parallel:run_until_complete
[0.416s] INFO:colcon.colcon_ros.task.ament_cmake.build:Building ROS package in '/home/martinx3/ECE_484/mp1' with build type 'ament_cmake'
[0.416s] INFO:colcon.colcon_cmake.task.cmake.build:Building CMake package in '/home/martinx3/ECE_484/mp1'
[0.418s] INFO:colcon.colcon_core.plugin_system:Skipping extension 'colcon_core.shell.bat': Not used on non-Windows systems
[0.418s] INFO:colcon.colcon_core.shell:Skip shell extension 'powershell' for command environment: Not usable outside of PowerShell
[0.418s] DEBUG:colcon.colcon_core.shell:Skip shell extension 'dsv' for command environment
[0.426s] DEBUG:colcon.colcon_core.event_handler.log_command:Invoking command in '/home/martinx3/ECE_484/mp1/build/mp1': CMAKE_PREFIX_PATH=${CMAKE_PREFIX_PATH}:/opt/ros/humble /usr/bin/cmake /home/martinx3/ECE_484/mp1 -DCMAKE_INSTALL_PREFIX=/home/martinx3/ECE_484/mp1/install/mp1
[2.069s] DEBUG:colcon.colcon_core.event_handler.log_command:Invoked command in '/home/martinx3/ECE_484/mp1/build/mp1' returned '0': CMAKE_PREFIX_PATH=${CMAKE_PREFIX_PATH}:/opt/ros/humble /usr/bin/cmake /home/martinx3/ECE_484/mp1 -DCMAKE_INSTALL_PREFIX=/home/martinx3/ECE_484/mp1/install/mp1
[2.070s] DEBUG:colcon.colcon_core.event_handler.log_command:Invoking command in '/home/martinx3/ECE_484/mp1/build/mp1': CMAKE_PREFIX_PATH=${CMAKE_PREFIX_PATH}:/opt/ros/humble /usr/bin/cmake --build /home/martinx3/ECE_484/mp1/build/mp1 -- -j12 -l12
[2.106s] DEBUG:colcon.colcon_core.event_handler.log_command:Invoked command in '/home/martinx3/ECE_484/mp1/build/mp1' returned '0': CMAKE_PREFIX_PATH=${CMAKE_PREFIX_PATH}:/opt/ros/humble /usr/bin/cmake --build /home/martinx3/ECE_484/mp1/build/mp1 -- -j12 -l12
[2.115s] DEBUG:colcon.colcon_core.event_handler.log_command:Invoking command in '/home/martinx3/ECE_484/mp1/build/mp1': CMAKE_PREFIX_PATH=${CMAKE_PREFIX_PATH}:/opt/ros/humble /usr/bin/cmake --install /home/martinx3/ECE_484/mp1/build/mp1
[2.129s] Level 1:colcon.colcon_core.environment:create_environment_scripts_only(mp1)
[2.130s] DEBUG:colcon.colcon_core.event_handler.log_command:Invoked command in '/home/martinx3/ECE_484/mp1/build/mp1' returned '0': CMAKE_PREFIX_PATH=${CMAKE_PREFIX_PATH}:/opt/ros/humble /usr/bin/cmake --install /home/martinx3/ECE_484/mp1/build/mp1
[2.132s] Level 1:colcon.colcon_core.environment:checking '/home/martinx3/ECE_484/mp1/install/mp1' for CMake module files
[2.132s] Level 1:colcon.colcon_core.environment:checking '/home/martinx3/ECE_484/mp1/install/mp1' for CMake config files
[2.133s] Level 1:colcon.colcon_core.shell:create_environment_hook('mp1', 'cmake_prefix_path')
[2.133s] INFO:colcon.colcon_core.shell:Creating environment hook '/home/martinx3/ECE_484/mp1/install/mp1/share/mp1/hook/cmake_prefix_path.ps1'
[2.133s] INFO:colcon.colcon_core.shell:Creating environment descriptor '/home/martinx3/ECE_484/mp1/install/mp1/share/mp1/hook/cmake_prefix_path.dsv'
[2.134s] INFO:colcon.colcon_core.shell:Creating environment hook '/home/martinx3/ECE_484/mp1/install/mp1/share/mp1/hook/cmake_prefix_path.sh'
[2.135s] Level 1:colcon.colcon_core.environment:checking '/home/martinx3/ECE_484/mp1/install/mp1/lib'
[2.135s] Level 1:colcon.colcon_core.environment:checking '/home/martinx3/ECE_484/mp1/install/mp1/bin'
[2.135s] Level 1:colcon.colcon_core.environment:checking '/home/martinx3/ECE_484/mp1/install/mp1/lib/pkgconfig/mp1.pc'
[2.135s] Level 1:colcon.colcon_core.environment:checking '/home/martinx3/ECE_484/mp1/install/mp1/lib/python3.10/site-packages'
[2.135s] Level 1:colcon.colcon_core.environment:checking '/home/martinx3/ECE_484/mp1/install/mp1/bin'
[2.135s] INFO:colcon.colcon_core.shell:Creating package script '/home/martinx3/ECE_484/mp1/install/mp1/share/mp1/package.ps1'
[2.136s] INFO:colcon.colcon_core.shell:Creating package descriptor '/home/martinx3/ECE_484/mp1/install/mp1/share/mp1/package.dsv'
[2.136s] INFO:colcon.colcon_core.shell:Creating package script '/home/martinx3/ECE_484/mp1/install/mp1/share/mp1/package.sh'
[2.137s] INFO:colcon.colcon_core.shell:Creating package script '/home/martinx3/ECE_484/mp1/install/mp1/share/mp1/package.bash'
[2.138s] INFO:colcon.colcon_core.shell:Creating package script '/home/martinx3/ECE_484/mp1/install/mp1/share/mp1/package.zsh'
[2.138s] Level 1:colcon.colcon_core.environment:create_file_with_runtime_dependencies(/home/martinx3/ECE_484/mp1/install/mp1/share/colcon-core/packages/mp1)
[2.139s] Level 1:colcon.colcon_core.environment:create_environment_scripts_only(mp1)
[2.139s] Level 1:colcon.colcon_core.environment:checking '/home/martinx3/ECE_484/mp1/install/mp1' for CMake module files
[2.139s] Level 1:colcon.colcon_core.environment:checking '/home/martinx3/ECE_484/mp1/install/mp1' for CMake config files
[2.140s] Level 1:colcon.colcon_core.shell:create_environment_hook('mp1', 'cmake_prefix_path')
[2.140s] INFO:colcon.colcon_core.shell:Creating environment hook '/home/martinx3/ECE_484/mp1/install/mp1/share/mp1/hook/cmake_prefix_path.ps1'
[2.140s] INFO:colcon.colcon_core.shell:Creating environment descriptor '/home/martinx3/ECE_484/mp1/install/mp1/share/mp1/hook/cmake_prefix_path.dsv'
[2.141s] INFO:colcon.colcon_core.shell:Creating environment hook '/home/martinx3/ECE_484/mp1/install/mp1/share/mp1/hook/cmake_prefix_path.sh'
[2.141s] Level 1:colcon.colcon_core.environment:checking '/home/martinx3/ECE_484/mp1/install/mp1/lib'
[2.141s] Level 1:colcon.colcon_core.environment:checking '/home/martinx3/ECE_484/mp1/install/mp1/bin'
[2.141s] Level 1:colcon.colcon_core.environment:checking '/home/martinx3/ECE_484/mp1/install/mp1/lib/pkgconfig/mp1.pc'
[2.141s] Level 1:colcon.colcon_core.environment:checking '/home/martinx3/ECE_484/mp1/install/mp1/lib/python3.10/site-packages'
[2.141s] Level 1:colcon.colcon_core.environment:checking '/home/martinx3/ECE_484/mp1/install/mp1/bin'
[2.142s] INFO:colcon.colcon_core.shell:Creating package script '/home/martinx3/ECE_484/mp1/install/mp1/share/mp1/package.ps1'
[2.142s] INFO:colcon.colcon_core.shell:Creating package descriptor '/home/martinx3/ECE_484/mp1/install/mp1/share/mp1/package.dsv'
[2.143s] INFO:colcon.colcon_core.shell:Creating package script '/home/martinx3/ECE_484/mp1/install/mp1/share/mp1/package.sh'
[2.143s] INFO:colcon.colcon_core.shell:Creating package script '/home/martinx3/ECE_484/mp1/install/mp1/share/mp1/package.bash'
[2.144s] INFO:colcon.colcon_core.shell:Creating package script '/home/martinx3/ECE_484/mp1/install/mp1/share/mp1/package.zsh'
[2.144s] Level 1:colcon.colcon_core.environment:create_file_with_runtime_dependencies(/home/martinx3/ECE_484/mp1/install/mp1/share/colcon-core/packages/mp1)
[2.144s] DEBUG:colcon.colcon_parallel_executor.executor.parallel:closing loop
[2.145s] DEBUG:colcon.colcon_parallel_executor.executor.parallel:loop closed
[2.145s] DEBUG:colcon.colcon_parallel_executor.executor.parallel:run_until_complete finished with '0'
[2.145s] DEBUG:colcon.colcon_core.event_reactor:joining thread
[2.149s] INFO:colcon.colcon_core.plugin_system:Skipping extension 'colcon_notification.desktop_notification.terminal_notifier': Not used on non-Darwin systems
[2.149s] INFO:colcon.colcon_core.plugin_system:Skipping extension 'colcon_notification.desktop_notification.win32': Not used on non-Windows systems
[2.149s] INFO:colcon.colcon_notification.desktop_notification:Sending desktop notification using 'notify2'
[2.159s] DEBUG:colcon.colcon_core.event_reactor:joined thread
[2.159s] INFO:colcon.colcon_core.shell:Creating prefix script '/home/martinx3/ECE_484/mp1/install/local_setup.ps1'
[2.161s] INFO:colcon.colcon_core.shell:Creating prefix util module '/home/martinx3/ECE_484/mp1/install/_local_setup_util_ps1.py'
[2.163s] INFO:colcon.colcon_core.shell:Creating prefix chain script '/home/martinx3/ECE_484/mp1/install/setup.ps1'
[2.164s] INFO:colcon.colcon_core.shell:Creating prefix script '/home/martinx3/ECE_484/mp1/install/local_setup.sh'
[2.165s] INFO:colcon.colcon_core.shell:Creating prefix util module '/home/martinx3/ECE_484/mp1/install/_local_setup_util_sh.py'
[2.165s] INFO:colcon.colcon_core.shell:Creating prefix chain script '/home/martinx3/ECE_484/mp1/install/setup.sh'
[2.167s] INFO:colcon.colcon_core.shell:Creating prefix script '/home/martinx3/ECE_484/mp1/install/local_setup.bash'
[2.167s] INFO:colcon.colcon_core.shell:Creating prefix chain script '/home/martinx3/ECE_484/mp1/install/setup.bash'
[2.168s] INFO:colcon.colcon_core.shell:Creating prefix script '/home/martinx3/ECE_484/mp1/install/local_setup.zsh'
[2.169s] INFO:colcon.colcon_core.shell:Creating prefix chain script '/home/martinx3/ECE_484/mp1/install/setup.zsh'
