[0.009s] Invoking command in '/home/martinx3/ECE_484/mp1/build/mp1': CMAKE_PREFIX_PATH=${CMAKE_PREFIX_PATH}:/opt/ros/humble /usr/bin/cmake /home/martinx3/ECE_484/mp1 -DCMAKE_INSTALL_PREFIX=/home/martinx3/ECE_484/mp1/install/mp1
[0.058s] -- The C compiler identification is GNU 11.4.0
[0.105s] -- The CXX compiler identification is GNU 11.4.0
[0.112s] -- Detecting C compiler ABI info
[0.174s] -- Detecting C compiler ABI info - done
[0.185s] -- Check for working C compiler: /usr/bin/cc - skipped
[0.185s] -- Detecting C compile features
[0.186s] -- Detecting C compile features - done
[0.189s] -- Detecting CXX compiler ABI info
[0.261s] -- Detecting CXX compiler ABI info - done
[0.271s] -- Check for working CXX compiler: /usr/bin/c++ - skipped
[0.271s] -- Detecting CXX compile features
[0.272s] -- Detecting CXX compile features - done
[0.274s] -- Found ament_cmake: 1.3.12 (/opt/ros/humble/share/ament_cmake/cmake)
[0.856s] -- Found Python3: /usr/bin/python3 (found version "3.10.12") found components: Interpreter 
[0.932s] -- Found rclpy: 3.3.17 (/opt/ros/humble/share/rclpy/cmake)
[0.934s] -- Found std_msgs: 4.9.0 (/opt/ros/humble/share/std_msgs/cmake)
[0.966s] -- Found rosidl_generator_c: 3.1.7 (/opt/ros/humble/share/rosidl_generator_c/cmake)
[0.971s] -- Found rosidl_adapter: 3.1.7 (/opt/ros/humble/share/rosidl_adapter/cmake)
[0.978s] -- Found rosidl_generator_cpp: 3.1.7 (/opt/ros/humble/share/rosidl_generator_cpp/cmake)
[0.988s] -- Using all available rosidl_typesupport_c: rosidl_typesupport_fastrtps_c;rosidl_typesupport_introspection_c
[1.002s] -- Using all available rosidl_typesupport_cpp: rosidl_typesupport_fastrtps_cpp;rosidl_typesupport_introspection_cpp
[1.030s] -- Found geometry_msgs: 4.9.0 (/opt/ros/humble/share/geometry_msgs/cmake)
[1.042s] -- Found ackermann_msgs: 2.0.2 (/opt/ros/humble/share/ackermann_msgs/cmake)
[1.053s] -- Found sensor_msgs: 4.9.0 (/opt/ros/humble/share/sensor_msgs/cmake)
[1.068s] -- Found gazebo_msgs: 3.9.0 (/opt/ros/humble/share/gazebo_msgs/cmake)
[1.100s] -- Found tf2: 0.25.16 (/opt/ros/humble/share/tf2/cmake)
[1.108s] -- Found tf2_ros: 0.25.16 (/opt/ros/humble/share/tf2_ros/cmake)
[1.161s] -- Found rmw_implementation_cmake: 6.1.2 (/opt/ros/humble/share/rmw_implementation_cmake/cmake)
[1.163s] -- Found rmw_fastrtps_cpp: 6.2.8 (/opt/ros/humble/share/rmw_fastrtps_cpp/cmake)
[1.238s] -- Found OpenSSL: /usr/lib/x86_64-linux-gnu/libcrypto.so (found version "3.0.2")  
[1.262s] -- Found FastRTPS: /opt/ros/humble/include  
[1.296s] -- Using RMW implementation 'rmw_fastrtps_cpp' as default
[1.305s] -- Looking for pthread.h
[1.372s] -- Looking for pthread.h - found
[1.372s] -- Performing Test CMAKE_HAVE_LIBC_PTHREAD
[1.435s] -- Performing Test CMAKE_HAVE_LIBC_PTHREAD - Success
[1.437s] -- Found Threads: TRUE  
[1.525s] -- Found tf2_geometry_msgs: 0.25.16 (/opt/ros/humble/share/tf2_geometry_msgs/cmake)
[1.536s] -- Found eigen3_cmake_module: 0.1.1 (/opt/ros/humble/share/eigen3_cmake_module/cmake)
[1.537s] -- Found Eigen3: TRUE (found version "3.4.0") 
[1.537s] -- Ensuring Eigen3 include directory is part of orocos-kdl CMake target
[1.539s] -- Found ament_lint_auto: 0.12.14 (/opt/ros/humble/share/ament_lint_auto/cmake)
[1.606s] -- Added test 'copyright' to check source files copyright and LICENSE
[1.613s] -- Added test 'cppcheck' to perform static code analysis on C / C++ code
[1.613s] -- Configured cppcheck include dirs: 
[1.613s] -- Configured cppcheck exclude dirs and/or files: 
[1.620s] -- Added test 'cpplint' to check C / C++ code against the Google style
[1.620s] -- Configured cpplint exclude dirs and/or files: 
[1.621s] -- Added test 'flake8' to check Python code syntax and style conventions
[1.624s] -- Added test 'lint_cmake' to check CMake code style
[1.625s] -- Added test 'pep257' to check Python code against some of the docstring style conventions in PEP 257
[1.632s] -- Added test 'uncrustify' to check C / C++ code style
[1.632s] -- Configured uncrustify additional arguments: 
[1.633s] -- Added test 'xmllint' to check XML markup files
[1.635s] -- Configuring done
[1.642s] -- Generating done
[1.644s] -- Build files have been written to: /home/martinx3/ECE_484/mp1/build/mp1
[1.652s] Invoked command in '/home/martinx3/ECE_484/mp1/build/mp1' returned '0': CMAKE_PREFIX_PATH=${CMAKE_PREFIX_PATH}:/opt/ros/humble /usr/bin/cmake /home/martinx3/ECE_484/mp1 -DCMAKE_INSTALL_PREFIX=/home/martinx3/ECE_484/mp1/install/mp1
[1.654s] Invoking command in '/home/martinx3/ECE_484/mp1/build/mp1': CMAKE_PREFIX_PATH=${CMAKE_PREFIX_PATH}:/opt/ros/humble /usr/bin/cmake --build /home/martinx3/ECE_484/mp1/build/mp1 -- -j12 -l12
[1.690s] Invoked command in '/home/martinx3/ECE_484/mp1/build/mp1' returned '0': CMAKE_PREFIX_PATH=${CMAKE_PREFIX_PATH}:/opt/ros/humble /usr/bin/cmake --build /home/martinx3/ECE_484/mp1/build/mp1 -- -j12 -l12
[1.698s] Invoking command in '/home/martinx3/ECE_484/mp1/build/mp1': CMAKE_PREFIX_PATH=${CMAKE_PREFIX_PATH}:/opt/ros/humble /usr/bin/cmake --install /home/martinx3/ECE_484/mp1/build/mp1
[1.706s] -- Install configuration: ""
[1.706s] -- Installing: /home/martinx3/ECE_484/mp1/install/mp1/lib/mp1/eval.py
[1.706s] -- Installing: /home/martinx3/ECE_484/mp1/install/mp1/lib/mp1/generate_map.py
[1.707s] -- Installing: /home/martinx3/ECE_484/mp1/install/mp1/lib/mp1/run_error_calculation.py
[1.707s] -- Installing: /home/martinx3/ECE_484/mp1/install/mp1/lib/mp1/preprocess_data.py
[1.707s] -- Installing: /home/martinx3/ECE_484/mp1/install/mp1/lib/mp1/run_bev_config.py
[1.707s] -- Installing: /home/martinx3/ECE_484/mp1/install/mp1/lib/mp1/run_collect_images.py
[1.707s] -- Installing: /home/martinx3/ECE_484/mp1/install/mp1/lib/mp1/run_lane_detection.py
[1.707s] -- Installing: /home/martinx3/ECE_484/mp1/install/mp1/lib/mp1/simple_train.py
[1.708s] -- Installing: /home/martinx3/ECE_484/mp1/install/mp1/share/mp1/launch
[1.708s] -- Installing: /home/martinx3/ECE_484/mp1/install/mp1/share/mp1/launch/mp1_launch.launch
[1.708s] -- Installing: /home/martinx3/ECE_484/mp1/install/mp1/share/mp1/config
[1.708s] -- Installing: /home/martinx3/ECE_484/mp1/install/mp1/share/mp1/config/mp1.rviz
[1.708s] -- Installing: /home/martinx3/ECE_484/mp1/install/mp1/share/ament_index/resource_index/package_run_dependencies/mp1
[1.709s] -- Installing: /home/martinx3/ECE_484/mp1/install/mp1/share/ament_index/resource_index/parent_prefix_path/mp1
[1.709s] -- Installing: /home/martinx3/ECE_484/mp1/install/mp1/share/mp1/environment/ament_prefix_path.sh
[1.709s] -- Installing: /home/martinx3/ECE_484/mp1/install/mp1/share/mp1/environment/ament_prefix_path.dsv
[1.709s] -- Installing: /home/martinx3/ECE_484/mp1/install/mp1/share/mp1/environment/path.sh
[1.709s] -- Installing: /home/martinx3/ECE_484/mp1/install/mp1/share/mp1/environment/path.dsv
[1.710s] -- Installing: /home/martinx3/ECE_484/mp1/install/mp1/share/mp1/local_setup.bash
[1.710s] -- Installing: /home/martinx3/ECE_484/mp1/install/mp1/share/mp1/local_setup.sh
[1.710s] -- Installing: /home/martinx3/ECE_484/mp1/install/mp1/share/mp1/local_setup.zsh
[1.710s] -- Installing: /home/martinx3/ECE_484/mp1/install/mp1/share/mp1/local_setup.dsv
[1.710s] -- Installing: /home/martinx3/ECE_484/mp1/install/mp1/share/mp1/package.dsv
[1.711s] -- Installing: /home/martinx3/ECE_484/mp1/install/mp1/share/ament_index/resource_index/packages/mp1
[1.711s] -- Installing: /home/martinx3/ECE_484/mp1/install/mp1/share/mp1/cmake/mp1Config.cmake
[1.711s] -- Installing: /home/martinx3/ECE_484/mp1/install/mp1/share/mp1/cmake/mp1Config-version.cmake
[1.711s] -- Installing: /home/martinx3/ECE_484/mp1/install/mp1/share/mp1/package.xml
[1.713s] Invoked command in '/home/martinx3/ECE_484/mp1/build/mp1' returned '0': CMAKE_PREFIX_PATH=${CMAKE_PREFIX_PATH}:/opt/ros/humble /usr/bin/cmake --install /home/martinx3/ECE_484/mp1/build/mp1
